October 30, 2025 - 10:36:45 | INFO | Iniciando aplicação Flask...
October 30, 2025 - 10:36:46 | INFO | Iniciando aplicação Flask...
October 30, 2025 - 10:36:46 | INFO | Servidor Flask iniciado e pronto para receber requisições.
October 30, 2025 - 10:36:47 | INFO | Servidor Flask iniciado e pronto para receber requisições.
October 30, 2025 - 10:36:51 | INFO | Usuário acessou a rota principal '/'
October 30, 2025 - 10:37:13 | INFO | Iniciando aplicação Flask...
October 30, 2025 - 10:37:14 | INFO | Iniciando aplicação Flask...
October 30, 2025 - 10:37:14 | INFO | Servidor Flask iniciado e pronto para receber requisições.
October 30, 2025 - 10:37:15 | INFO | Servidor Flask iniciado e pronto para receber requisições.
October 30, 2025 - 10:37:17 | INFO | Usuário acessou a rota principal '/'
October 30, 2025 - 10:38:29 | INFO | Iniciando aplicação Flask...
October 30, 2025 - 10:38:30 | INFO | Servidor Flask iniciado e pronto para receber requisições.
October 30, 2025 - 10:38:57 | INFO | Iniciando aplicação Flask...
October 30, 2025 - 10:38:58 | INFO | Servidor Flask iniciado e pronto para receber requisições.
October 30, 2025 - 10:38:59 | INFO | Iniciando aplicação Flask...
October 30, 2025 - 10:39:00 | INFO | Servidor Flask iniciado e pronto para receber requisições.
October 30, 2025 - 10:39:01 | INFO | Iniciando aplicação Flask...
October 30, 2025 - 10:39:02 | INFO | Servidor Flask iniciado e pronto para receber requisições.
October 30, 2025 - 10:41:52 | INFO | Iniciando aplicação Flask...
October 30, 2025 - 10:41:53 | INFO | Servidor Flask iniciado e pronto para receber requisições.
October 30, 2025 - 10:42:34 | INFO | Iniciando aplicação Flask...
October 30, 2025 - 10:42:35 | INFO | Servidor Flask iniciado e pronto para receber requisições.
 LOG |October 30, 2025 - 12:55:15 | INFO | Iniciando aplicação Flask...
 LOG |October 30, 2025 - 12:55:16 | INFO | Iniciando aplicação Flask...
 LOG |October 30, 2025 - 12:55:16 | INFO | Servidor Flask iniciado e pronto para receber requisições.
 LOG |October 30, 2025 - 12:55:17 | INFO | Servidor Flask iniciado e pronto para receber requisições.
 LOG |October 30, 2025 - 12:55:18 | INFO | Usuário acessou a rota principal '/'
 LOG_sistema |October 30, 2025 - 12:56:06 | INFO | Iniciando aplicação Flask...
 LOG_sistema |October 30, 2025 - 12:56:07 | INFO | Servidor Flask iniciado e pronto para receber requisições.
 LOG_sistema |October 30, 2025 - 12:56:10 | INFO | Iniciando aplicação Flask...
 LOG_sistema |October 30, 2025 - 12:56:11 | INFO | Servidor Flask iniciado e pronto para receber requisições.
 LOG_sistema |October 30, 2025 - 14:18:28 | INFO | Iniciando aplicação Flask...
 LOG_sistema |October 30, 2025 - 14:18:29 | INFO | Servidor Flask iniciado e pronto para receber requisições.
 LOG_sistema |October 30, 2025 - 14:18:31 | INFO | Iniciando aplicação Flask...
 LOG_sistema |October 30, 2025 - 14:18:32 | INFO | Servidor Flask iniciado e pronto para receber requisições.
